[INFO] [2018-07-19 18:07:27][org.springframework.context.support.ClassPathXmlApplicationContext]Refreshing org.springframework.context.support.ClassPathXmlApplicationContext@39ed3c8d: startup date [Thu Jul 19 18:07:27 CST 2018]; root of context hierarchy
[INFO] [2018-07-19 18:07:28][org.springframework.beans.factory.xml.XmlBeanDefinitionReader]Loading XML bean definitions from class path resource [spring-bean.xml]
[INFO] [2018-07-19 18:07:30][org.springframework.beans.factory.annotation.AutowiredAnnotationBeanPostProcessor]JSR-330 'javax.inject.Inject' annotation found and supported for autowiring
[WARN] [2018-07-19 18:07:31][org.springframework.context.support.ClassPathXmlApplicationContext]Exception encountered during context initialization - cancelling refresh attempt: org.springframework.beans.factory.BeanCreationException: Error creating bean with name 'org.springframework.web.servlet.mvc.annotation.AnnotationMethodHandlerAdapter#0' defined in class path resource [spring-bean.xml]: Cannot resolve reference to bean 'mappingJackson2HttpMessageConverter' while setting bean property 'messageConverters' with key [0]; nested exception is org.springframework.beans.factory.NoSuchBeanDefinitionException: No bean named 'mappingJackson2HttpMessageConverter' available
[INFO] [2018-07-19 18:08:13][org.springframework.context.support.ClassPathXmlApplicationContext]Refreshing org.springframework.context.support.ClassPathXmlApplicationContext@39ed3c8d: startup date [Thu Jul 19 18:08:13 CST 2018]; root of context hierarchy
[INFO] [2018-07-19 18:08:13][org.springframework.beans.factory.xml.XmlBeanDefinitionReader]Loading XML bean definitions from class path resource [spring-bean.xml]
[INFO] [2018-07-20 09:14:50][org.springframework.context.annotation.AnnotationConfigApplicationContext]Refreshing org.springframework.context.annotation.AnnotationConfigApplicationContext@76ccd017: startup date [Fri Jul 20 09:14:50 CST 2018]; root of context hierarchy
[INFO] [2018-07-20 09:14:51][org.springframework.beans.factory.annotation.AutowiredAnnotationBeanPostProcessor]JSR-330 'javax.inject.Inject' annotation found and supported for autowiring
[INFO] [2018-07-20 09:15:56][org.springframework.context.annotation.AnnotationConfigApplicationContext]Refreshing org.springframework.context.annotation.AnnotationConfigApplicationContext@76ccd017: startup date [Fri Jul 20 09:15:56 CST 2018]; root of context hierarchy
[INFO] [2018-07-20 09:15:56][org.springframework.beans.factory.annotation.AutowiredAnnotationBeanPostProcessor]JSR-330 'javax.inject.Inject' annotation found and supported for autowiring
[INFO] [2018-07-20 09:20:43][org.springframework.context.annotation.AnnotationConfigApplicationContext]Refreshing org.springframework.context.annotation.AnnotationConfigApplicationContext@76ccd017: startup date [Fri Jul 20 09:20:43 CST 2018]; root of context hierarchy
[INFO] [2018-07-20 09:20:43][org.springframework.beans.factory.annotation.AutowiredAnnotationBeanPostProcessor]JSR-330 'javax.inject.Inject' annotation found and supported for autowiring
[INFO] [2018-07-20 09:21:54][org.springframework.context.annotation.AnnotationConfigApplicationContext]Refreshing org.springframework.context.annotation.AnnotationConfigApplicationContext@76ccd017: startup date [Fri Jul 20 09:21:54 CST 2018]; root of context hierarchy
[INFO] [2018-07-20 09:21:54][org.springframework.beans.factory.annotation.AutowiredAnnotationBeanPostProcessor]JSR-330 'javax.inject.Inject' annotation found and supported for autowiring
[INFO] [2018-07-20 09:24:12][org.springframework.context.annotation.AnnotationConfigApplicationContext]Refreshing org.springframework.context.annotation.AnnotationConfigApplicationContext@76ccd017: startup date [Fri Jul 20 09:24:12 CST 2018]; root of context hierarchy
[INFO] [2018-07-20 09:24:13][org.springframework.beans.factory.annotation.AutowiredAnnotationBeanPostProcessor]JSR-330 'javax.inject.Inject' annotation found and supported for autowiring
[INFO] [2018-07-20 09:26:03][org.springframework.context.annotation.AnnotationConfigApplicationContext]Refreshing org.springframework.context.annotation.AnnotationConfigApplicationContext@76ccd017: startup date [Fri Jul 20 09:26:03 CST 2018]; root of context hierarchy
[INFO] [2018-07-20 09:26:04][org.springframework.beans.factory.annotation.AutowiredAnnotationBeanPostProcessor]JSR-330 'javax.inject.Inject' annotation found and supported for autowiring
[INFO] [2018-07-20 09:31:37][org.springframework.context.annotation.AnnotationConfigApplicationContext]Refreshing org.springframework.context.annotation.AnnotationConfigApplicationContext@76ccd017: startup date [Fri Jul 20 09:31:37 CST 2018]; root of context hierarchy
[INFO] [2018-07-20 09:31:37][org.springframework.beans.factory.annotation.AutowiredAnnotationBeanPostProcessor]JSR-330 'javax.inject.Inject' annotation found and supported for autowiring
[INFO] [2018-07-20 09:42:42][org.springframework.context.annotation.AnnotationConfigApplicationContext]Refreshing org.springframework.context.annotation.AnnotationConfigApplicationContext@76ccd017: startup date [Fri Jul 20 09:42:42 CST 2018]; root of context hierarchy
[INFO] [2018-07-20 09:42:42][org.springframework.beans.factory.annotation.AutowiredAnnotationBeanPostProcessor]JSR-330 'javax.inject.Inject' annotation found and supported for autowiring
[WARN] [2018-07-20 09:42:43][org.springframework.context.annotation.AnnotationConfigApplicationContext]Exception encountered during context initialization - cancelling refresh attempt: org.springframework.beans.factory.UnsatisfiedDependencyException: Error creating bean with name 'testController': Unsatisfied dependency expressed through field 'testService'; nested exception is org.springframework.beans.factory.UnsatisfiedDependencyException: Error creating bean with name 'testServiceImpl': Unsatisfied dependency expressed through field 'testDao'; nested exception is org.springframework.beans.factory.NoSuchBeanDefinitionException: No qualifying bean of type 'com.binco.ssm.dao.TestDao' available: expected at least 1 bean which qualifies as autowire candidate. Dependency annotations: {@org.springframework.beans.factory.annotation.Autowired(required=true)}
[INFO] [2018-07-20 09:45:43][org.springframework.context.annotation.AnnotationConfigApplicationContext]Refreshing org.springframework.context.annotation.AnnotationConfigApplicationContext@4f51b3e0: startup date [Fri Jul 20 09:45:43 CST 2018]; root of context hierarchy
[INFO] [2018-07-20 09:45:43][org.springframework.beans.factory.annotation.AutowiredAnnotationBeanPostProcessor]JSR-330 'javax.inject.Inject' annotation found and supported for autowiring
[WARN] [2018-07-20 09:45:44][org.springframework.context.annotation.AnnotationConfigApplicationContext]Exception encountered during context initialization - cancelling refresh attempt: org.springframework.beans.factory.UnsatisfiedDependencyException: Error creating bean with name 'testController': Unsatisfied dependency expressed through field 'testService'; nested exception is org.springframework.beans.factory.UnsatisfiedDependencyException: Error creating bean with name 'testServiceImpl': Unsatisfied dependency expressed through field 'testDao'; nested exception is org.springframework.beans.factory.NoSuchBeanDefinitionException: No qualifying bean of type 'com.binco.ssm.dao.TestDao' available: expected at least 1 bean which qualifies as autowire candidate. Dependency annotations: {@org.springframework.beans.factory.annotation.Autowired(required=true)}
[INFO] [2018-07-20 09:47:37][org.springframework.context.annotation.AnnotationConfigApplicationContext]Refreshing org.springframework.context.annotation.AnnotationConfigApplicationContext@4b9e255: startup date [Fri Jul 20 09:47:37 CST 2018]; root of context hierarchy
[INFO] [2018-07-20 09:47:37][org.springframework.beans.factory.annotation.AutowiredAnnotationBeanPostProcessor]JSR-330 'javax.inject.Inject' annotation found and supported for autowiring
[WARN] [2018-07-20 09:47:37][org.springframework.context.annotation.AnnotationConfigApplicationContext]Exception encountered during context initialization - cancelling refresh attempt: org.springframework.beans.factory.UnsatisfiedDependencyException: Error creating bean with name 'testController': Unsatisfied dependency expressed through field 'testService'; nested exception is org.springframework.beans.factory.UnsatisfiedDependencyException: Error creating bean with name 'testServiceImpl': Unsatisfied dependency expressed through field 'testDao'; nested exception is org.springframework.beans.factory.NoSuchBeanDefinitionException: No qualifying bean of type 'com.binco.ssm.dao.TestDao' available: expected at least 1 bean which qualifies as autowire candidate. Dependency annotations: {@org.springframework.beans.factory.annotation.Autowired(required=true)}
[INFO] [2018-07-20 09:50:04][org.springframework.context.annotation.AnnotationConfigApplicationContext]Refreshing org.springframework.context.annotation.AnnotationConfigApplicationContext@4b9e255: startup date [Fri Jul 20 09:50:04 CST 2018]; root of context hierarchy
[INFO] [2018-07-20 09:50:04][org.springframework.beans.factory.annotation.AutowiredAnnotationBeanPostProcessor]JSR-330 'javax.inject.Inject' annotation found and supported for autowiring
[WARN] [2018-07-20 09:50:04][org.springframework.context.annotation.AnnotationConfigApplicationContext]Exception encountered during context initialization - cancelling refresh attempt: org.springframework.beans.factory.UnsatisfiedDependencyException: Error creating bean with name 'testController': Unsatisfied dependency expressed through field 'testService'; nested exception is org.springframework.beans.factory.UnsatisfiedDependencyException: Error creating bean with name 'testServiceImpl': Unsatisfied dependency expressed through field 'testDao'; nested exception is org.springframework.beans.factory.NoSuchBeanDefinitionException: No qualifying bean of type 'com.binco.ssm.dao.TestDao' available: expected at least 1 bean which qualifies as autowire candidate. Dependency annotations: {@org.springframework.beans.factory.annotation.Autowired(required=true)}
[INFO] [2018-07-20 09:51:04][org.springframework.context.annotation.AnnotationConfigApplicationContext]Refreshing org.springframework.context.annotation.AnnotationConfigApplicationContext@4b9e255: startup date [Fri Jul 20 09:51:04 CST 2018]; root of context hierarchy
[INFO] [2018-07-20 09:51:04][org.springframework.beans.factory.annotation.AutowiredAnnotationBeanPostProcessor]JSR-330 'javax.inject.Inject' annotation found and supported for autowiring
[WARN] [2018-07-20 09:51:04][org.springframework.context.annotation.AnnotationConfigApplicationContext]Exception encountered during context initialization - cancelling refresh attempt: org.springframework.beans.factory.UnsatisfiedDependencyException: Error creating bean with name 'testController': Unsatisfied dependency expressed through field 'testService'; nested exception is org.springframework.beans.factory.UnsatisfiedDependencyException: Error creating bean with name 'testServiceImpl': Unsatisfied dependency expressed through field 'testDao'; nested exception is org.springframework.beans.factory.NoSuchBeanDefinitionException: No qualifying bean of type 'com.binco.ssm.dao.TestDao' available: expected at least 1 bean which qualifies as autowire candidate. Dependency annotations: {@org.springframework.beans.factory.annotation.Autowired(required=true)}
[INFO] [2018-07-20 09:52:24][org.springframework.context.annotation.AnnotationConfigApplicationContext]Refreshing org.springframework.context.annotation.AnnotationConfigApplicationContext@4b9e255: startup date [Fri Jul 20 09:52:24 CST 2018]; root of context hierarchy
[INFO] [2018-07-20 09:52:25][org.springframework.beans.factory.annotation.AutowiredAnnotationBeanPostProcessor]JSR-330 'javax.inject.Inject' annotation found and supported for autowiring
[INFO] [2018-07-20 09:54:59][org.springframework.context.annotation.AnnotationConfigApplicationContext]Refreshing org.springframework.context.annotation.AnnotationConfigApplicationContext@4b9e255: startup date [Fri Jul 20 09:54:59 CST 2018]; root of context hierarchy
[INFO] [2018-07-20 09:55:00][org.springframework.beans.factory.annotation.AutowiredAnnotationBeanPostProcessor]JSR-330 'javax.inject.Inject' annotation found and supported for autowiring
[INFO] [2018-07-20 10:11:27][org.springframework.context.annotation.AnnotationConfigApplicationContext]Refreshing org.springframework.context.annotation.AnnotationConfigApplicationContext@4b9e255: startup date [Fri Jul 20 10:11:27 CST 2018]; root of context hierarchy
[INFO] [2018-07-20 10:11:27][org.springframework.beans.factory.annotation.AutowiredAnnotationBeanPostProcessor]JSR-330 'javax.inject.Inject' annotation found and supported for autowiring
[INFO] [2018-07-20 10:21:14][org.springframework.context.annotation.AnnotationConfigApplicationContext]Refreshing org.springframework.context.annotation.AnnotationConfigApplicationContext@4b9e255: startup date [Fri Jul 20 10:21:14 CST 2018]; root of context hierarchy
[INFO] [2018-07-20 10:21:14][org.springframework.beans.factory.annotation.AutowiredAnnotationBeanPostProcessor]JSR-330 'javax.inject.Inject' annotation found and supported for autowiring
[WARN] [2018-07-20 10:21:14][org.springframework.context.annotation.AnnotationConfigApplicationContext]Exception encountered during context initialization - cancelling refresh attempt: org.springframework.beans.factory.UnsatisfiedDependencyException: Error creating bean with name 'testController': Unsatisfied dependency expressed through field 'testService'; nested exception is org.springframework.beans.factory.NoSuchBeanDefinitionException: No qualifying bean of type 'com.binco.ssm.service.ITestService' available: expected at least 1 bean which qualifies as autowire candidate. Dependency annotations: {@org.springframework.beans.factory.annotation.Autowired(required=true)}
[INFO] [2018-07-20 10:22:19][org.springframework.context.annotation.AnnotationConfigApplicationContext]Refreshing org.springframework.context.annotation.AnnotationConfigApplicationContext@4b9e255: startup date [Fri Jul 20 10:22:19 CST 2018]; root of context hierarchy
[INFO] [2018-07-20 10:22:19][org.springframework.beans.factory.annotation.AutowiredAnnotationBeanPostProcessor]JSR-330 'javax.inject.Inject' annotation found and supported for autowiring
[INFO] [2018-07-20 10:22:44][org.springframework.context.annotation.AnnotationConfigApplicationContext]Refreshing org.springframework.context.annotation.AnnotationConfigApplicationContext@4b9e255: startup date [Fri Jul 20 10:22:44 CST 2018]; root of context hierarchy
[INFO] [2018-07-20 10:22:44][org.springframework.beans.factory.annotation.AutowiredAnnotationBeanPostProcessor]JSR-330 'javax.inject.Inject' annotation found and supported for autowiring
[INFO] [2018-07-20 10:23:54][org.springframework.context.annotation.AnnotationConfigApplicationContext]Refreshing org.springframework.context.annotation.AnnotationConfigApplicationContext@4b9e255: startup date [Fri Jul 20 10:23:54 CST 2018]; root of context hierarchy
[INFO] [2018-07-20 10:23:54][org.springframework.beans.factory.annotation.AutowiredAnnotationBeanPostProcessor]JSR-330 'javax.inject.Inject' annotation found and supported for autowiring
[INFO] [2018-07-20 10:26:04][org.springframework.context.annotation.AnnotationConfigApplicationContext]Refreshing org.springframework.context.annotation.AnnotationConfigApplicationContext@4b9e255: startup date [Fri Jul 20 10:26:04 CST 2018]; root of context hierarchy
[INFO] [2018-07-20 10:26:04][org.springframework.beans.factory.annotation.AutowiredAnnotationBeanPostProcessor]JSR-330 'javax.inject.Inject' annotation found and supported for autowiring
[WARN] [2018-07-20 10:26:04][org.springframework.context.annotation.AnnotationConfigApplicationContext]Exception encountered during context initialization - cancelling refresh attempt: org.springframework.beans.factory.UnsatisfiedDependencyException: Error creating bean with name 'testController': Unsatisfied dependency expressed through field 'testService'; nested exception is org.springframework.beans.factory.NoSuchBeanDefinitionException: No qualifying bean of type 'com.binco.ssm.service.ITestService' available: expected at least 1 bean which qualifies as autowire candidate. Dependency annotations: {@org.springframework.beans.factory.annotation.Autowired(required=true)}
[INFO] [2018-07-20 10:26:37][org.springframework.context.annotation.AnnotationConfigApplicationContext]Refreshing org.springframework.context.annotation.AnnotationConfigApplicationContext@4b9e255: startup date [Fri Jul 20 10:26:37 CST 2018]; root of context hierarchy
[INFO] [2018-07-20 10:26:37][org.springframework.beans.factory.annotation.AutowiredAnnotationBeanPostProcessor]JSR-330 'javax.inject.Inject' annotation found and supported for autowiring
[INFO] [2018-07-20 10:26:59][org.springframework.context.annotation.AnnotationConfigApplicationContext]Refreshing org.springframework.context.annotation.AnnotationConfigApplicationContext@4b9e255: startup date [Fri Jul 20 10:26:59 CST 2018]; root of context hierarchy
[INFO] [2018-07-20 10:27:00][org.springframework.beans.factory.annotation.AutowiredAnnotationBeanPostProcessor]JSR-330 'javax.inject.Inject' annotation found and supported for autowiring
[INFO] [2018-07-20 10:29:53][org.springframework.context.annotation.AnnotationConfigApplicationContext]Refreshing org.springframework.context.annotation.AnnotationConfigApplicationContext@4b9e255: startup date [Fri Jul 20 10:29:53 CST 2018]; root of context hierarchy
[INFO] [2018-07-20 10:29:54][org.springframework.beans.factory.annotation.AutowiredAnnotationBeanPostProcessor]JSR-330 'javax.inject.Inject' annotation found and supported for autowiring
[INFO] [2018-07-20 10:42:23][org.springframework.context.annotation.AnnotationConfigApplicationContext]Refreshing org.springframework.context.annotation.AnnotationConfigApplicationContext@4b9e255: startup date [Fri Jul 20 10:42:23 CST 2018]; root of context hierarchy
[INFO] [2018-07-20 10:42:23][org.springframework.beans.factory.annotation.AutowiredAnnotationBeanPostProcessor]JSR-330 'javax.inject.Inject' annotation found and supported for autowiring
[INFO] [2018-07-20 10:50:36][org.springframework.context.annotation.AnnotationConfigApplicationContext]Refreshing org.springframework.context.annotation.AnnotationConfigApplicationContext@4b9e255: startup date [Fri Jul 20 10:50:35 CST 2018]; root of context hierarchy
[INFO] [2018-07-20 10:50:36][org.springframework.beans.factory.annotation.AutowiredAnnotationBeanPostProcessor]JSR-330 'javax.inject.Inject' annotation found and supported for autowiring
[WARN] [2018-07-20 10:50:36][org.springframework.context.annotation.AnnotationConfigApplicationContext]Exception encountered during context initialization - cancelling refresh attempt: org.springframework.beans.factory.UnsatisfiedDependencyException: Error creating bean with name 'personController': Unsatisfied dependency expressed through field 'personService'; nested exception is org.springframework.beans.factory.UnsatisfiedDependencyException: Error creating bean with name 'personService': Unsatisfied dependency expressed through field 'testDao'; nested exception is org.springframework.beans.factory.NoSuchBeanDefinitionException: No qualifying bean of type 'com.binco.ssm.dao.TestDao' available: expected at least 1 bean which qualifies as autowire candidate. Dependency annotations: {@org.springframework.beans.factory.annotation.Autowired(required=true)}
[INFO] [2018-07-20 10:51:03][org.springframework.context.annotation.AnnotationConfigApplicationContext]Refreshing org.springframework.context.annotation.AnnotationConfigApplicationContext@4b9e255: startup date [Fri Jul 20 10:51:03 CST 2018]; root of context hierarchy
[INFO] [2018-07-20 10:51:03][org.springframework.beans.factory.annotation.AutowiredAnnotationBeanPostProcessor]JSR-330 'javax.inject.Inject' annotation found and supported for autowiring
[WARN] [2018-07-20 10:51:03][org.springframework.context.annotation.AnnotationConfigApplicationContext]Exception encountered during context initialization - cancelling refresh attempt: org.springframework.beans.factory.UnsatisfiedDependencyException: Error creating bean with name 'personController': Unsatisfied dependency expressed through field 'personService'; nested exception is org.springframework.beans.factory.UnsatisfiedDependencyException: Error creating bean with name 'personService': Unsatisfied dependency expressed through field 'testDao'; nested exception is org.springframework.beans.factory.NoSuchBeanDefinitionException: No qualifying bean of type 'com.binco.ssm.dao.TestDao' available: expected at least 1 bean which qualifies as autowire candidate. Dependency annotations: {@org.springframework.beans.factory.annotation.Autowired(required=true)}
[INFO] [2018-07-20 10:51:25][org.springframework.context.annotation.AnnotationConfigApplicationContext]Refreshing org.springframework.context.annotation.AnnotationConfigApplicationContext@4b9e255: startup date [Fri Jul 20 10:51:25 CST 2018]; root of context hierarchy
[INFO] [2018-07-20 10:51:25][org.springframework.beans.factory.annotation.AutowiredAnnotationBeanPostProcessor]JSR-330 'javax.inject.Inject' annotation found and supported for autowiring
[INFO] [2018-07-20 11:26:40][org.springframework.context.annotation.AnnotationConfigApplicationContext]Refreshing org.springframework.context.annotation.AnnotationConfigApplicationContext@4b9e255: startup date [Fri Jul 20 11:26:40 CST 2018]; root of context hierarchy
[INFO] [2018-07-20 11:26:41][org.springframework.beans.factory.annotation.AutowiredAnnotationBeanPostProcessor]JSR-330 'javax.inject.Inject' annotation found and supported for autowiring
[INFO] [2018-07-20 11:27:55][org.springframework.context.annotation.AnnotationConfigApplicationContext]Refreshing org.springframework.context.annotation.AnnotationConfigApplicationContext@4b9e255: startup date [Fri Jul 20 11:27:55 CST 2018]; root of context hierarchy
[INFO] [2018-07-20 11:27:55][org.springframework.beans.factory.annotation.AutowiredAnnotationBeanPostProcessor]JSR-330 'javax.inject.Inject' annotation found and supported for autowiring
[INFO] [2018-07-20 11:28:53][org.springframework.context.annotation.AnnotationConfigApplicationContext]Refreshing org.springframework.context.annotation.AnnotationConfigApplicationContext@4b9e255: startup date [Fri Jul 20 11:28:53 CST 2018]; root of context hierarchy
[INFO] [2018-07-20 11:28:53][org.springframework.beans.factory.annotation.AutowiredAnnotationBeanPostProcessor]JSR-330 'javax.inject.Inject' annotation found and supported for autowiring
[INFO] [2018-07-20 14:52:07][org.springframework.context.annotation.AnnotationConfigApplicationContext]Refreshing org.springframework.context.annotation.AnnotationConfigApplicationContext@4b9e255: startup date [Fri Jul 20 14:52:07 CST 2018]; root of context hierarchy
[INFO] [2018-07-20 14:52:08][org.springframework.beans.factory.annotation.AutowiredAnnotationBeanPostProcessor]JSR-330 'javax.inject.Inject' annotation found and supported for autowiring
[INFO] [2018-07-20 14:53:52][org.springframework.context.annotation.AnnotationConfigApplicationContext]Refreshing org.springframework.context.annotation.AnnotationConfigApplicationContext@4b9e255: startup date [Fri Jul 20 14:53:52 CST 2018]; root of context hierarchy
[INFO] [2018-07-20 14:53:52][org.springframework.beans.factory.annotation.AutowiredAnnotationBeanPostProcessor]JSR-330 'javax.inject.Inject' annotation found and supported for autowiring
[INFO] [2018-07-20 14:57:57][org.springframework.context.annotation.AnnotationConfigApplicationContext]Refreshing org.springframework.context.annotation.AnnotationConfigApplicationContext@4b9e255: startup date [Fri Jul 20 14:57:57 CST 2018]; root of context hierarchy
[INFO] [2018-07-20 14:57:57][org.springframework.beans.factory.annotation.AutowiredAnnotationBeanPostProcessor]JSR-330 'javax.inject.Inject' annotation found and supported for autowiring
[INFO] [2018-07-20 14:58:19][org.springframework.context.annotation.AnnotationConfigApplicationContext]Refreshing org.springframework.context.annotation.AnnotationConfigApplicationContext@4b9e255: startup date [Fri Jul 20 14:58:19 CST 2018]; root of context hierarchy
[INFO] [2018-07-20 14:58:19][org.springframework.beans.factory.annotation.AutowiredAnnotationBeanPostProcessor]JSR-330 'javax.inject.Inject' annotation found and supported for autowiring
[INFO] [2018-07-20 14:58:57][org.springframework.context.annotation.AnnotationConfigApplicationContext]Refreshing org.springframework.context.annotation.AnnotationConfigApplicationContext@4b9e255: startup date [Fri Jul 20 14:58:57 CST 2018]; root of context hierarchy
[INFO] [2018-07-20 14:58:57][org.springframework.beans.factory.annotation.AutowiredAnnotationBeanPostProcessor]JSR-330 'javax.inject.Inject' annotation found and supported for autowiring
[INFO] [2018-07-20 14:59:03][org.springframework.context.annotation.AnnotationConfigApplicationContext]Refreshing org.springframework.context.annotation.AnnotationConfigApplicationContext@4b9e255: startup date [Fri Jul 20 14:59:03 CST 2018]; root of context hierarchy
[INFO] [2018-07-20 14:59:03][org.springframework.beans.factory.annotation.AutowiredAnnotationBeanPostProcessor]JSR-330 'javax.inject.Inject' annotation found and supported for autowiring
[INFO] [2018-07-20 15:02:06][org.springframework.context.annotation.AnnotationConfigApplicationContext]Refreshing org.springframework.context.annotation.AnnotationConfigApplicationContext@4b9e255: startup date [Fri Jul 20 15:02:06 CST 2018]; root of context hierarchy
[INFO] [2018-07-20 15:02:06][org.springframework.beans.factory.annotation.AutowiredAnnotationBeanPostProcessor]JSR-330 'javax.inject.Inject' annotation found and supported for autowiring
[INFO] [2018-07-20 15:02:15][org.springframework.context.annotation.AnnotationConfigApplicationContext]Refreshing org.springframework.context.annotation.AnnotationConfigApplicationContext@4b9e255: startup date [Fri Jul 20 15:02:15 CST 2018]; root of context hierarchy
[INFO] [2018-07-20 15:02:15][org.springframework.beans.factory.annotation.AutowiredAnnotationBeanPostProcessor]JSR-330 'javax.inject.Inject' annotation found and supported for autowiring
[INFO] [2018-07-20 15:02:23][org.springframework.context.annotation.AnnotationConfigApplicationContext]Refreshing org.springframework.context.annotation.AnnotationConfigApplicationContext@4b9e255: startup date [Fri Jul 20 15:02:23 CST 2018]; root of context hierarchy
[INFO] [2018-07-20 15:02:23][org.springframework.beans.factory.annotation.AutowiredAnnotationBeanPostProcessor]JSR-330 'javax.inject.Inject' annotation found and supported for autowiring
[INFO] [2018-07-20 15:14:12][org.springframework.context.annotation.AnnotationConfigApplicationContext]Refreshing org.springframework.context.annotation.AnnotationConfigApplicationContext@4b9e255: startup date [Fri Jul 20 15:14:12 CST 2018]; root of context hierarchy
[INFO] [2018-07-20 15:14:12][org.springframework.beans.factory.annotation.AutowiredAnnotationBeanPostProcessor]JSR-330 'javax.inject.Inject' annotation found and supported for autowiring
[INFO] [2018-07-20 15:14:19][org.springframework.context.annotation.AnnotationConfigApplicationContext]Refreshing org.springframework.context.annotation.AnnotationConfigApplicationContext@4b9e255: startup date [Fri Jul 20 15:14:19 CST 2018]; root of context hierarchy
[INFO] [2018-07-20 15:14:19][org.springframework.beans.factory.annotation.AutowiredAnnotationBeanPostProcessor]JSR-330 'javax.inject.Inject' annotation found and supported for autowiring
[INFO] [2018-07-20 15:14:25][org.springframework.context.annotation.AnnotationConfigApplicationContext]Refreshing org.springframework.context.annotation.AnnotationConfigApplicationContext@4b9e255: startup date [Fri Jul 20 15:14:25 CST 2018]; root of context hierarchy
[INFO] [2018-07-20 15:14:25][org.springframework.beans.factory.annotation.AutowiredAnnotationBeanPostProcessor]JSR-330 'javax.inject.Inject' annotation found and supported for autowiring
[INFO] [2018-07-20 15:33:33][org.springframework.context.annotation.AnnotationConfigApplicationContext]Refreshing org.springframework.context.annotation.AnnotationConfigApplicationContext@4b9e255: startup date [Fri Jul 20 15:33:33 CST 2018]; root of context hierarchy
[INFO] [2018-07-20 15:33:33][org.springframework.beans.factory.annotation.AutowiredAnnotationBeanPostProcessor]JSR-330 'javax.inject.Inject' annotation found and supported for autowiring
[INFO] [2018-07-20 15:34:37][org.springframework.context.annotation.AnnotationConfigApplicationContext]Refreshing org.springframework.context.annotation.AnnotationConfigApplicationContext@4b9e255: startup date [Fri Jul 20 15:34:37 CST 2018]; root of context hierarchy
[INFO] [2018-07-20 15:34:37][org.springframework.beans.factory.annotation.AutowiredAnnotationBeanPostProcessor]JSR-330 'javax.inject.Inject' annotation found and supported for autowiring
[INFO] [2018-07-20 15:37:01][org.springframework.context.annotation.AnnotationConfigApplicationContext]Refreshing org.springframework.context.annotation.AnnotationConfigApplicationContext@4b9e255: startup date [Fri Jul 20 15:37:01 CST 2018]; root of context hierarchy
[INFO] [2018-07-20 15:37:01][org.springframework.beans.factory.annotation.AutowiredAnnotationBeanPostProcessor]JSR-330 'javax.inject.Inject' annotation found and supported for autowiring
[INFO] [2018-07-20 15:37:30][org.springframework.context.annotation.AnnotationConfigApplicationContext]Refreshing org.springframework.context.annotation.AnnotationConfigApplicationContext@4b9e255: startup date [Fri Jul 20 15:37:30 CST 2018]; root of context hierarchy
[INFO] [2018-07-20 15:37:30][org.springframework.beans.factory.annotation.AutowiredAnnotationBeanPostProcessor]JSR-330 'javax.inject.Inject' annotation found and supported for autowiring
[INFO] [2018-07-20 15:37:41][org.springframework.context.annotation.AnnotationConfigApplicationContext]Refreshing org.springframework.context.annotation.AnnotationConfigApplicationContext@4b9e255: startup date [Fri Jul 20 15:37:41 CST 2018]; root of context hierarchy
[INFO] [2018-07-20 15:37:41][org.springframework.beans.factory.annotation.AutowiredAnnotationBeanPostProcessor]JSR-330 'javax.inject.Inject' annotation found and supported for autowiring
[INFO] [2018-07-20 15:43:49][org.springframework.context.annotation.AnnotationConfigApplicationContext]Refreshing org.springframework.context.annotation.AnnotationConfigApplicationContext@8b87145: startup date [Fri Jul 20 15:43:49 CST 2018]; root of context hierarchy
[INFO] [2018-07-20 15:43:49][org.springframework.beans.factory.annotation.AutowiredAnnotationBeanPostProcessor]JSR-330 'javax.inject.Inject' annotation found and supported for autowiring
[INFO] [2018-07-20 15:43:49][org.springframework.context.annotation.AnnotationConfigApplicationContext]Refreshing org.springframework.context.annotation.AnnotationConfigApplicationContext@2cd2a21f: startup date [Fri Jul 20 15:43:49 CST 2018]; root of context hierarchy
[INFO] [2018-07-20 15:43:49][org.springframework.beans.factory.annotation.AutowiredAnnotationBeanPostProcessor]JSR-330 'javax.inject.Inject' annotation found and supported for autowiring
[INFO] [2018-07-20 16:25:02][org.springframework.context.annotation.AnnotationConfigApplicationContext]Refreshing org.springframework.context.annotation.AnnotationConfigApplicationContext@8b87145: startup date [Fri Jul 20 16:25:02 CST 2018]; root of context hierarchy
[INFO] [2018-07-20 16:25:03][org.springframework.beans.factory.annotation.AutowiredAnnotationBeanPostProcessor]JSR-330 'javax.inject.Inject' annotation found and supported for autowiring
[INFO] [2018-07-20 16:30:39][org.springframework.context.annotation.AnnotationConfigApplicationContext]Refreshing org.springframework.context.annotation.AnnotationConfigApplicationContext@8b87145: startup date [Fri Jul 20 16:30:39 CST 2018]; root of context hierarchy
[INFO] [2018-07-20 16:30:39][org.springframework.beans.factory.annotation.AutowiredAnnotationBeanPostProcessor]JSR-330 'javax.inject.Inject' annotation found and supported for autowiring
[INFO] [2018-07-20 16:30:48][org.springframework.context.annotation.AnnotationConfigApplicationContext]Refreshing org.springframework.context.annotation.AnnotationConfigApplicationContext@8b87145: startup date [Fri Jul 20 16:30:48 CST 2018]; root of context hierarchy
[INFO] [2018-07-20 16:30:48][org.springframework.beans.factory.annotation.AutowiredAnnotationBeanPostProcessor]JSR-330 'javax.inject.Inject' annotation found and supported for autowiring
[INFO] [2018-07-20 16:31:52][org.springframework.context.annotation.AnnotationConfigApplicationContext]Refreshing org.springframework.context.annotation.AnnotationConfigApplicationContext@8b87145: startup date [Fri Jul 20 16:31:52 CST 2018]; root of context hierarchy
[INFO] [2018-07-20 16:31:53][org.springframework.beans.factory.annotation.AutowiredAnnotationBeanPostProcessor]JSR-330 'javax.inject.Inject' annotation found and supported for autowiring
[INFO] [2018-07-20 16:37:31][org.springframework.context.annotation.AnnotationConfigApplicationContext]Refreshing org.springframework.context.annotation.AnnotationConfigApplicationContext@4961f6af: startup date [Fri Jul 20 16:37:31 CST 2018]; root of context hierarchy
[INFO] [2018-07-20 16:37:31][org.springframework.beans.factory.annotation.AutowiredAnnotationBeanPostProcessor]JSR-330 'javax.inject.Inject' annotation found and supported for autowiring
[INFO] [2018-07-20 17:11:52][org.springframework.context.annotation.AnnotationConfigApplicationContext]Refreshing org.springframework.context.annotation.AnnotationConfigApplicationContext@8b87145: startup date [Fri Jul 20 17:11:52 CST 2018]; root of context hierarchy
[INFO] [2018-07-20 17:11:52][org.springframework.beans.factory.annotation.AutowiredAnnotationBeanPostProcessor]JSR-330 'javax.inject.Inject' annotation found and supported for autowiring
[INFO] [2018-07-27 11:46:48][org.springframework.context.annotation.AnnotationConfigApplicationContext]Refreshing org.springframework.context.annotation.AnnotationConfigApplicationContext@8b87145: startup date [Fri Jul 27 11:46:48 CST 2018]; root of context hierarchy
[INFO] [2018-07-27 11:46:48][org.springframework.beans.factory.annotation.AutowiredAnnotationBeanPostProcessor]JSR-330 'javax.inject.Inject' annotation found and supported for autowiring
[INFO] [2018-07-27 11:46:48][org.springframework.context.annotation.AnnotationConfigApplicationContext]Refreshing org.springframework.context.annotation.AnnotationConfigApplicationContext@272ed83b: startup date [Fri Jul 27 11:46:48 CST 2018]; root of context hierarchy
[INFO] [2018-07-27 11:46:48][org.springframework.beans.factory.annotation.AutowiredAnnotationBeanPostProcessor]JSR-330 'javax.inject.Inject' annotation found and supported for autowiring
[INFO] [2018-07-27 11:55:04][org.springframework.context.annotation.AnnotationConfigApplicationContext]Refreshing org.springframework.context.annotation.AnnotationConfigApplicationContext@8b87145: startup date [Fri Jul 27 11:55:04 CST 2018]; root of context hierarchy
[INFO] [2018-07-27 11:55:04][org.springframework.beans.factory.annotation.AutowiredAnnotationBeanPostProcessor]JSR-330 'javax.inject.Inject' annotation found and supported for autowiring
[INFO] [2018-07-27 11:55:05][org.springframework.context.annotation.AnnotationConfigApplicationContext]Refreshing org.springframework.context.annotation.AnnotationConfigApplicationContext@272ed83b: startup date [Fri Jul 27 11:55:05 CST 2018]; root of context hierarchy
[INFO] [2018-07-27 11:55:05][org.springframework.beans.factory.annotation.AutowiredAnnotationBeanPostProcessor]JSR-330 'javax.inject.Inject' annotation found and supported for autowiring
[INFO] [2018-07-27 13:55:07][org.springframework.context.annotation.AnnotationConfigApplicationContext]Refreshing org.springframework.context.annotation.AnnotationConfigApplicationContext@8b87145: startup date [Fri Jul 27 13:55:07 CST 2018]; root of context hierarchy
[INFO] [2018-07-27 13:55:08][org.springframework.beans.factory.annotation.AutowiredAnnotationBeanPostProcessor]JSR-330 'javax.inject.Inject' annotation found and supported for autowiring
[INFO] [2018-07-27 13:55:08][org.springframework.context.annotation.AnnotationConfigApplicationContext]Refreshing org.springframework.context.annotation.AnnotationConfigApplicationContext@41e1e210: startup date [Fri Jul 27 13:55:08 CST 2018]; root of context hierarchy
[INFO] [2018-07-27 13:55:08][org.springframework.beans.factory.annotation.AutowiredAnnotationBeanPostProcessor]JSR-330 'javax.inject.Inject' annotation found and supported for autowiring
[INFO] [2018-07-27 13:55:38][org.springframework.context.annotation.AnnotationConfigApplicationContext]Refreshing org.springframework.context.annotation.AnnotationConfigApplicationContext@8b87145: startup date [Fri Jul 27 13:55:38 CST 2018]; root of context hierarchy
[INFO] [2018-07-27 13:55:38][org.springframework.beans.factory.annotation.AutowiredAnnotationBeanPostProcessor]JSR-330 'javax.inject.Inject' annotation found and supported for autowiring
[INFO] [2018-07-27 13:55:38][org.springframework.context.annotation.AnnotationConfigApplicationContext]Refreshing org.springframework.context.annotation.AnnotationConfigApplicationContext@272ed83b: startup date [Fri Jul 27 13:55:38 CST 2018]; root of context hierarchy
[INFO] [2018-07-27 13:55:38][org.springframework.beans.factory.annotation.AutowiredAnnotationBeanPostProcessor]JSR-330 'javax.inject.Inject' annotation found and supported for autowiring
[INFO] [2018-07-27 14:19:05][org.springframework.context.annotation.AnnotationConfigApplicationContext]Refreshing org.springframework.context.annotation.AnnotationConfigApplicationContext@4b9e255: startup date [Fri Jul 27 14:19:05 CST 2018]; root of context hierarchy
[INFO] [2018-07-27 14:19:05][org.springframework.beans.factory.annotation.AutowiredAnnotationBeanPostProcessor]JSR-330 'javax.inject.Inject' annotation found and supported for autowiring
[INFO] [2018-07-27 14:21:52][org.springframework.context.annotation.AnnotationConfigApplicationContext]Refreshing org.springframework.context.annotation.AnnotationConfigApplicationContext@4b9e255: startup date [Fri Jul 27 14:21:52 CST 2018]; root of context hierarchy
[INFO] [2018-07-27 14:21:52][org.springframework.beans.factory.annotation.AutowiredAnnotationBeanPostProcessor]JSR-330 'javax.inject.Inject' annotation found and supported for autowiring
[INFO] [2018-07-27 14:23:42][org.springframework.context.annotation.AnnotationConfigApplicationContext]Refreshing org.springframework.context.annotation.AnnotationConfigApplicationContext@4b9e255: startup date [Fri Jul 27 14:23:42 CST 2018]; root of context hierarchy
[INFO] [2018-07-27 14:23:42][org.springframework.beans.factory.annotation.AutowiredAnnotationBeanPostProcessor]JSR-330 'javax.inject.Inject' annotation found and supported for autowiring
[INFO] [2018-07-27 14:23:42][org.springframework.context.annotation.AnnotationConfigApplicationContext]Closing org.springframework.context.annotation.AnnotationConfigApplicationContext@4b9e255: startup date [Fri Jul 27 14:23:42 CST 2018]; root of context hierarchy
[INFO] [2018-07-27 16:34:57][org.springframework.context.annotation.AnnotationConfigApplicationContext]Refreshing org.springframework.context.annotation.AnnotationConfigApplicationContext@8b87145: startup date [Fri Jul 27 16:34:57 CST 2018]; root of context hierarchy
[INFO] [2018-07-27 16:34:57][org.springframework.beans.factory.annotation.AutowiredAnnotationBeanPostProcessor]JSR-330 'javax.inject.Inject' annotation found and supported for autowiring
[INFO] [2018-07-27 16:35:22][org.springframework.context.annotation.AnnotationConfigApplicationContext]Refreshing org.springframework.context.annotation.AnnotationConfigApplicationContext@8b87145: startup date [Fri Jul 27 16:35:22 CST 2018]; root of context hierarchy
[INFO] [2018-07-27 16:35:22][org.springframework.beans.factory.annotation.AutowiredAnnotationBeanPostProcessor]JSR-330 'javax.inject.Inject' annotation found and supported for autowiring
[INFO] [2018-07-27 16:35:40][org.springframework.context.annotation.AnnotationConfigApplicationContext]Refreshing org.springframework.context.annotation.AnnotationConfigApplicationContext@8b87145: startup date [Fri Jul 27 16:35:40 CST 2018]; root of context hierarchy
[INFO] [2018-07-27 16:35:40][org.springframework.beans.factory.annotation.AutowiredAnnotationBeanPostProcessor]JSR-330 'javax.inject.Inject' annotation found and supported for autowiring
[INFO] [2018-07-27 17:08:11][org.springframework.context.annotation.AnnotationConfigApplicationContext]Refreshing org.springframework.context.annotation.AnnotationConfigApplicationContext@4b9e255: startup date [Fri Jul 27 17:08:11 CST 2018]; root of context hierarchy
[INFO] [2018-07-27 17:08:11][org.springframework.beans.factory.annotation.AutowiredAnnotationBeanPostProcessor]JSR-330 'javax.inject.Inject' annotation found and supported for autowiring
[INFO] [2018-07-27 17:08:26][org.springframework.context.annotation.AnnotationConfigApplicationContext]Refreshing org.springframework.context.annotation.AnnotationConfigApplicationContext@4b9e255: startup date [Fri Jul 27 17:08:26 CST 2018]; root of context hierarchy
[INFO] [2018-07-27 17:08:26][org.springframework.beans.factory.annotation.AutowiredAnnotationBeanPostProcessor]JSR-330 'javax.inject.Inject' annotation found and supported for autowiring
[INFO] [2018-07-27 17:08:26][org.springframework.context.annotation.AnnotationConfigApplicationContext]Closing org.springframework.context.annotation.AnnotationConfigApplicationContext@4b9e255: startup date [Fri Jul 27 17:08:26 CST 2018]; root of context hierarchy
[INFO] [2018-07-27 17:08:56][org.springframework.context.annotation.AnnotationConfigApplicationContext]Refreshing org.springframework.context.annotation.AnnotationConfigApplicationContext@4b9e255: startup date [Fri Jul 27 17:08:56 CST 2018]; root of context hierarchy
[INFO] [2018-07-27 17:08:57][org.springframework.beans.factory.annotation.AutowiredAnnotationBeanPostProcessor]JSR-330 'javax.inject.Inject' annotation found and supported for autowiring
[INFO] [2018-07-27 17:08:57][org.springframework.context.annotation.AnnotationConfigApplicationContext]Closing org.springframework.context.annotation.AnnotationConfigApplicationContext@4b9e255: startup date [Fri Jul 27 17:08:56 CST 2018]; root of context hierarchy
[INFO] [2018-07-27 17:09:12][org.springframework.context.annotation.AnnotationConfigApplicationContext]Refreshing org.springframework.context.annotation.AnnotationConfigApplicationContext@4b9e255: startup date [Fri Jul 27 17:09:12 CST 2018]; root of context hierarchy
[INFO] [2018-07-27 17:09:12][org.springframework.beans.factory.annotation.AutowiredAnnotationBeanPostProcessor]JSR-330 'javax.inject.Inject' annotation found and supported for autowiring
[INFO] [2018-07-27 17:09:12][org.springframework.context.annotation.AnnotationConfigApplicationContext]Closing org.springframework.context.annotation.AnnotationConfigApplicationContext@4b9e255: startup date [Fri Jul 27 17:09:12 CST 2018]; root of context hierarchy
[INFO] [2018-07-27 17:11:11][org.springframework.context.annotation.AnnotationConfigApplicationContext]Refreshing org.springframework.context.annotation.AnnotationConfigApplicationContext@4b9e255: startup date [Fri Jul 27 17:11:11 CST 2018]; root of context hierarchy
[INFO] [2018-07-27 17:11:11][org.springframework.beans.factory.annotation.AutowiredAnnotationBeanPostProcessor]JSR-330 'javax.inject.Inject' annotation found and supported for autowiring
[INFO] [2018-07-27 17:11:11][org.springframework.context.annotation.AnnotationConfigApplicationContext]Closing org.springframework.context.annotation.AnnotationConfigApplicationContext@4b9e255: startup date [Fri Jul 27 17:11:11 CST 2018]; root of context hierarchy
[INFO] [2018-07-27 17:11:33][org.springframework.context.annotation.AnnotationConfigApplicationContext]Refreshing org.springframework.context.annotation.AnnotationConfigApplicationContext@4b9e255: startup date [Fri Jul 27 17:11:33 CST 2018]; root of context hierarchy
[INFO] [2018-07-27 17:11:34][org.springframework.beans.factory.annotation.AutowiredAnnotationBeanPostProcessor]JSR-330 'javax.inject.Inject' annotation found and supported for autowiring
